<?xml version="1.0" encoding="UTF-8"?>
<!-- Generated by org.testng.reporters.JUnitReportReporter -->
<testsuite hostname="Mahadys-MBP.lan" failures="0" tests="3" name="com.SwagLabs.TestCases.LoginPageTest" time="12.684" errors="0" timestamp="2024-07-06T17:34:21 EDT" skipped="0">
  <testcase classname="com.SwagLabs.TestCases.LoginPageTest" name="VerifyApplicationUrl" time="3.339"/>
  <system-out/>
  <testcase classname="com.SwagLabs.TestCases.LoginPageTest" name="VerifyApplicationTitle" time="4.833"/>
  <system-out/>
  <testcase classname="com.SwagLabs.TestCases.LoginPageTest" name="VerifyApplicationLogin" time="4.512"/>
  <system-out/>
</testsuite> <!-- com.SwagLabs.TestCases.LoginPageTest -->
