<?xml version="1.0" encoding="UTF-8"?>
<!-- Generated by org.testng.reporters.JUnitReportReporter -->
<testsuite hostname="Mahadys-MBP.lan" failures="0" tests="3" name="com.SwagLabs.TestCases.LoginPageTest" time="13.709" errors="0" timestamp="2024-08-02T23:15:02 EDT" skipped="0">
  <testcase classname="com.SwagLabs.TestCases.LoginPageTest" name="VerifyApplicationUrl" time="3.496"/>
  <system-out/>
  <testcase classname="com.SwagLabs.TestCases.LoginPageTest" name="VerifyApplicationTitle" time="6.778"/>
  <system-out/>
  <testcase classname="com.SwagLabs.TestCases.LoginPageTest" name="VerifyApplicationLogin" time="3.435"/>
  <system-out/>
</testsuite> <!-- com.SwagLabs.TestCases.LoginPageTest -->
